# JRE version: OpenJDK Runtime Environment Temurin-25.0.2+10 (25.0.2+10) (build 25.0.2+10-LTS)
# Java VM: OpenJDK 64-Bit Server VM Temurin-25.0.2+10 (25.0.2+10-LTS, mixed mode, sharing, tiered, compressed oops, compressed class ptrs, parallel gc, linux-amd64)
GC Precious Log:
 CardTable entry size: 512
 CPUs: 4 total, 4 available
 Memory: 3798M
 Large Page Support: Disabled
 NUMA Support: Disabled
 Compressed Oops: Enabled (32-bit)
 Alignments: Space 512K, Generation 512K, Heap 2M
 Heap Min Capacity: 100M
 Heap Initial Capacity: 100M
 Heap Max Capacity: 2G
 Pre-touch: Disabled
 Parallel Workers: 4
Heap:
 PSYoungGen      total 32768K, used 22611K [0x00000000d5580000, 0x00000000d7680000, 0x0000000100000000)
  eden space 31232K, 70% used [0x00000000d5580000,0x00000000d6adce78,0x00000000d7400000)
  from space 1536K, 47% used [0x00000000d7500000,0x00000000d75b8000,0x00000000d7680000)
  to   space 1024K, 0% used [0x00000000d7400000,0x00000000d7400000,0x00000000d7500000)
 ParOldGen       total 394752K, used 394602K [0x0000000080000000, 0x0000000098180000, 0x00000000d5580000)
  object space 394752K, 99% used [0x0000000080000000,0x000000009815a958,0x0000000098180000)
GC Heap Usage History (20 events):
Event: 49,937 {heap Before GC invocations=98 (full 3):
 PSYoungGen      total 25088K, used 24601K [0x00000000d5580000, 0x00000000d7780000, 0x0000000100000000)
  eden space 18432K, 99% used [0x00000000d5580000,0x00000000d677fcc8,0x00000000d6780000)
  from space 6656K, 92% used [0x00000000d7100000,0x00000000d77069c8,0x00000000d7780000)
  to   space 8192K, 0% used [0x00000000d6780000,0x00000000d6780000,0x00000000d6f80000)
 ParOldGen       total 380416K, used 380216K [0x0000000080000000, 0x0000000097380000, 0x00000000d55800Event: 49,955 {heap After GC invocations=98 (full 3):
 PSYoungGen      total 26624K, used 3659K [0x00000000d5580000, 0x00000000d7680000, 0x0000000100000000)
  eden space 18432K, 0% used [0x00000000d5580000,0x00000000d5580000,0x00000000d6780000)
  from space 8192K, 44% used [0x00000000d6780000,0x00000000d6b12e98,0x00000000d6f80000)
  to   space 5120K, 0% used [0x00000000d7180000,0x00000000d7180000,0x00000000d7680000)
 ParOldGen       total 382464K, used 382032K [0x0000000080000000, 0x0000000097580000, 0x00000000d5580000)Event: 50,707 {heap Before GC invocations=99 (full 3):
 PSYoungGen      total 26624K, used 22091K [0x00000000d5580000, 0x00000000d7680000, 0x0000000100000000)
  eden space 18432K, 100% used [0x00000000d5580000,0x00000000d6780000,0x00000000d6780000)
  from space 8192K, 44% used [0x00000000d6780000,0x00000000d6b12e98,0x00000000d6f80000)
  to   space 5120K, 0% used [0x00000000d7180000,0x00000000d7180000,0x00000000d7680000)
 ParOldGen       total 382464K, used 382032K [0x0000000080000000, 0x0000000097580000, 0x00000000d5580Event: 50,727 {heap After GC invocations=99 (full 3):
 PSYoungGen      total 31744K, used 672K [0x00000000d5580000, 0x00000000d7680000, 0x0000000100000000)
  eden space 26624K, 0% used [0x00000000d5580000,0x00000000d5580000,0x00000000d6f80000)
  from space 5120K, 13% used [0x00000000d7180000,0x00000000d7228020,0x00000000d7680000)
  to   space 2048K, 0% used [0x00000000d6f80000,0x00000000d6f80000,0x00000000d7180000)
 ParOldGen       total 386048K, used 385631K [0x0000000080000000, 0x0000000097900000, 0x00000000d5580000)
Event: 52,015 {heap Before GC invocations=100 (full 3):
 PSYoungGen      total 31744K, used 27296K [0x00000000d5580000, 0x00000000d7680000, 0x0000000100000000)
  eden space 26624K, 100% used [0x00000000d5580000,0x00000000d6f80000,0x00000000d6f80000)
  from space 5120K, 13% used [0x00000000d7180000,0x00000000d7228020,0x00000000d7680000)
  to   space 2048K, 0% used [0x00000000d6f80000,0x00000000d6f80000,0x00000000d7180000)
 ParOldGen       total 386048K, used 385631K [0x0000000080000000, 0x0000000097900000, 0x00000000d558Event: 52,037 {heap After GC invocations=100 (full 3):
 PSYoungGen      total 28160K, used 2034K [0x00000000d5580000, 0x00000000d7900000, 0x0000000100000000)
  eden space 26112K, 0% used [0x00000000d5580000,0x00000000d5580000,0x00000000d6f00000)
  from space 2048K, 99% used [0x00000000d6f80000,0x00000000d717c960,0x00000000d7180000)
  to   space 5120K, 0% used [0x00000000d7400000,0x00000000d7400000,0x00000000d7900000)
 ParOldGen       total 388096K, used 387668K [0x0000000080000000, 0x0000000097b00000, 0x00000000d5580000Event: 52,339 {heap Before GC invocations=101 (full 3):
 PSYoungGen      total 28160K, used 28146K [0x00000000d5580000, 0x00000000d7900000, 0x0000000100000000)
  eden space 26112K, 100% used [0x00000000d5580000,0x00000000d6f00000,0x00000000d6f00000)
  from space 2048K, 99% used [0x00000000d6f80000,0x00000000d717c960,0x00000000d7180000)
  to   space 5120K, 0% used [0x00000000d7400000,0x00000000d7400000,0x00000000d7900000)
 ParOldGen       total 388096K, used 387668K [0x0000000080000000, 0x0000000097b00000, 0x00000000d558Event: 52,356 {heap After GC invocations=101 (full 3):
 PSYoungGen      total 31232K, used 1407K [0x00000000d5580000, 0x00000000d7680000, 0x0000000100000000)
  eden space 28672K, 0% used [0x00000000d5580000,0x00000000d5580000,0x00000000d7180000)
  from space 2560K, 54% used [0x00000000d7400000,0x00000000d755fe80,0x00000000d7680000)
  to   space 2560K, 0% used [0x00000000d7180000,0x00000000d7180000,0x00000000d7400000)
 ParOldGen       total 390144K, used 389656K [0x0000000080000000, 0x0000000097d00000, 0x00000000d5580000Event: 70,758 {heap Before GC invocations=102 (full 3):
 PSYoungGen      total 31232K, used 30079K [0x00000000d5580000, 0x00000000d7680000, 0x0000000100000000)
  eden space 28672K, 100% used [0x00000000d5580000,0x00000000d7180000,0x00000000d7180000)
  from space 2560K, 54% used [0x00000000d7400000,0x00000000d755fe80,0x00000000d7680000)
  to   space 2560K, 0% used [0x00000000d7180000,0x00000000d7180000,0x00000000d7400000)
 ParOldGen       total 390144K, used 389656K [0x0000000080000000, 0x0000000097d00000, 0x00000000d558Event: 70,762 {heap After GC invocations=102 (full 3):
 PSYoungGen      total 31232K, used 1363K [0x00000000d5580000, 0x00000000d7680000, 0x0000000100000000)
  eden space 28672K, 0% used [0x00000000d5580000,0x00000000d5580000,0x00000000d7180000)
  from space 2560K, 53% used [0x00000000d7180000,0x00000000d72d4f90,0x00000000d7400000)
  to   space 2048K, 0% used [0x00000000d7480000,0x00000000d7480000,0x00000000d7680000)
 ParOldGen       total 390144K, used 390070K [0x0000000080000000, 0x0000000097d00000, 0x00000000d5580000Event: 140,410 {heap Before GC invocations=103 (full 3):
 PSYoungGen      total 31232K, used 30035K [0x00000000d5580000, 0x00000000d7680000, 0x0000000100000000)
  eden space 28672K, 100% used [0x00000000d5580000,0x00000000d7180000,0x00000000d7180000)
  from space 2560K, 53% used [0x00000000d7180000,0x00000000d72d4f90,0x00000000d7400000)
  to   space 2048K, 0% used [0x00000000d7480000,0x00000000d7480000,0x00000000d7680000)
 ParOldGen       total 390144K, used 390070K [0x0000000080000000, 0x0000000097d00000, 0x00000000d558Event: 140,414 {heap After GC invocations=103 (full 3):
 PSYoungGen      total 32256K, used 1157K [0x00000000d5580000, 0x00000000d7680000, 0x0000000100000000)
  eden space 30208K, 0% used [0x00000000d5580000,0x00000000d5580000,0x00000000d7300000)
  from space 2048K, 56% used [0x00000000d7480000,0x00000000d75a1448,0x00000000d7680000)
  to   space 1536K, 0% used [0x00000000d7300000,0x00000000d7300000,0x00000000d7480000)
 ParOldGen       total 390656K, used 390450K [0x0000000080000000, 0x0000000097d80000, 0x00000000d5580000Event: 142,772 {heap Before GC invocations=104 (full 3):
 PSYoungGen      total 32256K, used 31365K [0x00000000d5580000, 0x00000000d7680000, 0x0000000100000000)
  eden space 30208K, 100% used [0x00000000d5580000,0x00000000d7300000,0x00000000d7300000)
  from space 2048K, 56% used [0x00000000d7480000,0x00000000d75a1448,0x00000000d7680000)
  to   space 1536K, 0% used [0x00000000d7300000,0x00000000d7300000,0x00000000d7480000)
 ParOldGen       total 390656K, used 390450K [0x0000000080000000, 0x0000000097d80000, 0x00000000d558Event: 142,786 {heap After GC invocations=104 (full 3):
 PSYoungGen      total 31232K, used 1534K [0x00000000d5580000, 0x00000000d7980000, 0x0000000100000000)
  eden space 29696K, 0% used [0x00000000d5580000,0x00000000d5580000,0x00000000d7280000)
  from space 1536K, 99% used [0x00000000d7300000,0x00000000d747fb28,0x00000000d7480000)
  to   space 3584K, 0% used [0x00000000d7600000,0x00000000d7600000,0x00000000d7980000)
 ParOldGen       total 392192K, used 392105K [0x0000000080000000, 0x0000000097f00000, 0x00000000d5580000Event: 147,908 {heap Before GC invocations=105 (full 3):
 PSYoungGen      total 31232K, used 31230K [0x00000000d5580000, 0x00000000d7980000, 0x0000000100000000)
  eden space 29696K, 100% used [0x00000000d5580000,0x00000000d7280000,0x00000000d7280000)
  from space 1536K, 99% used [0x00000000d7300000,0x00000000d747fb28,0x00000000d7480000)
  to   space 3584K, 0% used [0x00000000d7600000,0x00000000d7600000,0x00000000d7980000)
 ParOldGen       total 392192K, used 392105K [0x0000000080000000, 0x0000000097f00000, 0x00000000d558Event: 147,920 {heap After GC invocations=105 (full 3):
 PSYoungGen      total 32256K, used 1040K [0x00000000d5580000, 0x00000000d7780000, 0x0000000100000000)
  eden space 30720K, 0% used [0x00000000d5580000,0x00000000d5580000,0x00000000d7380000)
  from space 1536K, 67% used [0x00000000d7600000,0x00000000d7704030,0x00000000d7780000)
  to   space 2048K, 0% used [0x00000000d7380000,0x00000000d7380000,0x00000000d7580000)
 ParOldGen       total 393728K, used 393589K [0x0000000080000000, 0x0000000098080000, 0x00000000d5580000Event: 158,138 {heap Before GC invocations=106 (full 3):
 PSYoungGen      total 32256K, used 31760K [0x00000000d5580000, 0x00000000d7780000, 0x0000000100000000)
  eden space 30720K, 100% used [0x00000000d5580000,0x00000000d7380000,0x00000000d7380000)
  from space 1536K, 67% used [0x00000000d7600000,0x00000000d7704030,0x00000000d7780000)
  to   space 2048K, 0% used [0x00000000d7380000,0x00000000d7380000,0x00000000d7580000)
 ParOldGen       total 393728K, used 393589K [0x0000000080000000, 0x0000000098080000, 0x00000000d558Event: 158,148 {heap After GC invocations=106 (full 3):
 PSYoungGen      total 31744K, used 864K [0x00000000d5580000, 0x00000000d7680000, 0x0000000100000000)
  eden space 30720K, 0% used [0x00000000d5580000,0x00000000d5580000,0x00000000d7380000)
  from space 1024K, 84% used [0x00000000d7380000,0x00000000d7458060,0x00000000d7480000)
  to   space 1536K, 0% used [0x00000000d7500000,0x00000000d7500000,0x00000000d7680000)
 ParOldGen       total 394240K, used 393957K [0x0000000080000000, 0x0000000098100000, 0x00000000d5580000)Event: 312,785 {heap Before GC invocations=107 (full 3):
 PSYoungGen      total 31744K, used 31584K [0x00000000d5580000, 0x00000000d7680000, 0x0000000100000000)
  eden space 30720K, 100% used [0x00000000d5580000,0x00000000d7380000,0x00000000d7380000)
  from space 1024K, 84% used [0x00000000d7380000,0x00000000d7458060,0x00000000d7480000)
  to   space 1536K, 0% used [0x00000000d7500000,0x00000000d7500000,0x00000000d7680000)
 ParOldGen       total 394240K, used 393957K [0x0000000080000000, 0x0000000098100000, 0x00000000d558Event: 312,792 {heap After GC invocations=107 (full 3):
 PSYoungGen      total 32768K, used 736K [0x00000000d5580000, 0x00000000d7680000, 0x0000000100000000)
  eden space 31232K, 0% used [0x00000000d5580000,0x00000000d5580000,0x00000000d7400000)
  from space 1536K, 47% used [0x00000000d7500000,0x00000000d75b8000,0x00000000d7680000)
  to   space 1024K, 0% used [0x00000000d7400000,0x00000000d7400000,0x00000000d7500000)
 ParOldGen       total 394752K, used 394602K [0x0000000080000000, 0x0000000098180000, 0x00000000d5580000)
Metaspace Usage History (20 events):
Event: 49,937 {metaspace Before GC invocations=98 (full 3):
 Metaspace       used 65763K, committed 66944K, reserved 1114112K
  class space    used 7400K, committed 7936K, reserved 1048576K
}
Event: 49,955 {metaspace After GC invocations=98 (full 3):
 Metaspace       used 65763K, committed 66944K, reserved 1114112K
  class space    used 7400K, committed 7936K, reserved 1048576K
}
Event: 50,707 {metaspace Before GC invocations=99 (full 3):
 Metaspace       used 67892K, committed 69120K, reserved 1114112K
  class space    used 7623K, committed 8128K, reserved 1048576K
}
Event: 50,727 {metaspace After GC invocations=99 (full 3):
 Metaspace       used 67892K, committed 69120K, reserved 1114112K
  class space    used 7623K, committed 8128K, reserved 1048576K
}
Event: 52,015 {metaspace Before GC invocations=100 (full 3):
 Metaspace       used 69710K, committed 70976K, reserved 1114112K
  class space    used 7799K, committed 8320K, reserved 1048576K
}
Event: 52,037 {metaspace After GC invocations=100 (full 3):
 Metaspace       used 69710K, committed 70976K, reserved 1114112K
  class space    used 7799K, committed 8320K, reserved 1048576K
}
Event: 52,339 {metaspace Before GC invocations=101 (full 3):
 Metaspace       used 69814K, committed 71104K, reserved 1114112K
  class space    used 7805K, committed 8384K, reserved 1048576K
}
Event: 52,356 {metaspace After GC invocations=101 (full 3):
 Metaspace       used 69814K, committed 71104K, reserved 1114112K
  class space    used 7805K, committed 8384K, reserved 1048576K
}
Event: 70,758 {metaspace Before GC invocations=102 (full 3):
 Metaspace       used 71812K, committed 73088K, reserved 1114112K
  class space    used 7978K, committed 8512K, reserved 1048576K
}
Event: 70,762 {metaspace After GC invocations=102 (full 3):
 Metaspace       used 71812K, committed 73088K, reserved 1114112K
  class space    used 7978K, committed 8512K, reserved 1048576K
}
Event: 140,410 {metaspace Before GC invocations=103 (full 3):
 Metaspace       used 73301K, committed 74560K, reserved 1179648K
  class space    used 8094K, committed 8576K, reserved 1048576K
}
Event: 140,414 {metaspace After GC invocations=103 (full 3):
 Metaspace       used 73301K, committed 74560K, reserved 1179648K
  class space    used 8094K, committed 8576K, reserved 1048576K
}
Event: 142,772 {metaspace Before GC invocations=104 (full 3):
 Metaspace       used 75225K, committed 76608K, reserved 1179648K
  class space    used 8283K, committed 8832K, reserved 1048576K
}
Event: 142,786 {metaspace After GC invocations=104 (full 3):
 Metaspace       used 75225K, committed 76608K, reserved 1179648K
  class space    used 8283K, committed 8832K, reserved 1048576K
}
Event: 147,908 {metaspace Before GC invocations=105 (full 3):
 Metaspace       used 76521K, committed 77824K, reserved 1179648K
  class space    used 8443K, committed 8960K, reserved 1048576K
}
Event: 147,920 {metaspace After GC invocations=105 (full 3):
 Metaspace       used 76521K, committed 77824K, reserved 1179648K
  class space    used 8443K, committed 8960K, reserved 1048576K
}
Event: 158,138 {metaspace Before GC invocations=106 (full 3):
 Metaspace       used 77130K, committed 78464K, reserved 1179648K
  class space    used 8495K, committed 9024K, reserved 1048576K
}
Event: 158,148 {metaspace After GC invocations=106 (full 3):
 Metaspace       used 77130K, committed 78464K, reserved 1179648K
  class space    used 8495K, committed 9024K, reserved 1048576K
}
Event: 312,785 {metaspace Before GC invocations=107 (full 3):
 Metaspace       used 78066K, committed 79680K, reserved 1179648K
  class space    used 8637K, committed 9280K, reserved 1048576K
}
Event: 312,792 {metaspace After GC invocations=107 (full 3):
 Metaspace       used 78066K, committed 79680K, reserved 1179648K
  class space    used 8637K, committed 9280K, reserved 1048576K
}

